TN:
SF:src\types.ts
FNF:0
FNH:0
DA:35,11
LF:1
LH:1
BRF:0
BRH:0
end_of_record
TN:
SF:src\commands\error-handler.ts
FN:24,(anonymous_0)
FN:37,(anonymous_1)
FN:50,executeCommand
FN:75,logError
FN:84,formatCommandError
FN:104,permissionDenied
FN:114,invalidArgument
FN:124,notFound
FN:134,alreadyExists
FNF:9
FNH:6
FNDA:1,(anonymous_0)
FNDA:8,(anonymous_1)
FNDA:0,executeCommand
FNDA:0,logError
FNDA:0,formatCommandError
FNDA:2,permissionDenied
FNDA:1,invalidArgument
FNDA:1,notFound
FNDA:1,alreadyExists
DA:6,1
DA:8,1
DA:10,1
DA:24,1
DA:25,1
DA:26,1
DA:27,1
DA:28,1
DA:29,1
DA:30,1
DA:36,1
DA:38,8
DA:40,8
DA:42,8
DA:43,8
DA:50,1
DA:56,0
DA:57,0
DA:60,0
DA:61,0
DA:62,0
DA:66,0
DA:67,0
DA:68,0
DA:76,0
DA:77,0
DA:85,0
DA:87,0
DA:89,0
DA:91,0
DA:93,0
DA:95,0
DA:97,0
DA:104,1
DA:105,2
DA:114,1
DA:115,1
DA:124,1
DA:125,1
DA:134,1
DA:135,1
LF:41
LH:24
BRDA:24,0,0,1
BRDA:24,0,1,1
BRDA:60,1,0,0
BRDA:60,1,1,0
BRDA:76,2,0,0
BRDA:76,2,1,0
BRDA:76,3,0,0
BRDA:76,3,1,0
BRDA:85,4,0,0
BRDA:85,4,1,0
BRDA:85,4,2,0
BRDA:85,4,3,0
BRDA:85,4,4,0
BRDA:85,4,5,0
BRDA:97,5,0,0
BRDA:97,5,1,0
BRDA:107,6,0,2
BRDA:107,6,1,1
BRF:18
BRH:4
end_of_record
TN:
SF:src\commands\utils.ts
FN:33,extractSessionInfo
FN:46,withCommandErrorHandling
FN:51,(anonymous_2)
FN:60,checkAuthority
FN:77,parseTarget
FN:91,isValidUrl
FNF:6
FNH:3
FNDA:0,extractSessionInfo
FNDA:0,withCommandErrorHandling
FNDA:0,(anonymous_2)
FNDA:4,checkAuthority
FNDA:5,parseTarget
FNDA:7,isValidUrl
DA:8,1
DA:9,1
DA:33,1
DA:34,0
DA:35,0
DA:36,0
DA:37,0
DA:39,0
DA:46,1
DA:51,0
DA:52,0
DA:53,0
DA:60,1
DA:65,4
DA:66,2
DA:68,2
DA:77,1
DA:78,5
DA:79,5
DA:80,3
DA:82,2
DA:91,1
DA:92,7
DA:93,7
DA:94,4
DA:96,3
LF:26
LH:18
BRDA:65,0,0,2
BRDA:65,0,1,2
BRDA:70,1,0,2
BRDA:70,1,1,1
BRDA:79,2,0,3
BRDA:79,2,1,2
BRF:6
BRH:6
end_of_record
TN:
SF:src\utils\common.ts
FN:5,(anonymous_9)
FN:5,(anonymous_10)
FN:8,(anonymous_11)
FN:25,(anonymous_12)
FN:37,(anonymous_13)
FN:47,(anonymous_14)
FN:59,(anonymous_15)
FN:60,(anonymous_16)
FN:61,(anonymous_17)
FN:62,(anonymous_18)
FN:70,(anonymous_19)
FN:71,(anonymous_20)
FN:74,(anonymous_21)
FN:75,(anonymous_22)
FN:76,(anonymous_23)
FN:77,(anonymous_24)
FN:87,(anonymous_25)
FNF:17
FNH:16
FNDA:8,(anonymous_9)
FNDA:8,(anonymous_10)
FNDA:17,(anonymous_11)
FNDA:27,(anonymous_12)
FNDA:11,(anonymous_13)
FNDA:0,(anonymous_14)
FNDA:7,(anonymous_15)
FNDA:6,(anonymous_16)
FNDA:7,(anonymous_17)
FNDA:7,(anonymous_18)
FNDA:7,(anonymous_19)
FNDA:6,(anonymous_20)
FNDA:5,(anonymous_21)
FNDA:6,(anonymous_22)
FNDA:6,(anonymous_23)
FNDA:6,(anonymous_24)
FNDA:9,(anonymous_25)
DA:2,9
DA:3,9
DA:5,9
DA:8,9
DA:9,17
DA:10,11
DA:11,11
DA:13,11
DA:14,4
DA:15,4
DA:17,7
DA:19,0
DA:20,0
DA:25,9
DA:26,27
DA:28,24
DA:30,24
DA:31,15
DA:33,9
DA:37,9
DA:38,11
DA:39,8
DA:40,5
DA:41,4
DA:42,2
DA:44,1
DA:45,1
DA:46,0
DA:47,0
DA:48,0
DA:49,0
DA:50,0
DA:51,0
DA:54,0
DA:59,9
DA:60,7
DA:61,6
DA:62,7
DA:63,7
DA:70,9
DA:71,7
DA:72,7
DA:73,5
DA:74,5
DA:75,5
DA:76,6
DA:77,6
DA:78,6
DA:82,5
DA:83,5
DA:87,9
DA:88,9
DA:90,9
DA:91,9
DA:92,9
DA:93,9
DA:94,9
DA:95,9
LF:58
LH:49
BRDA:5,0,0,1
BRDA:9,1,0,6
BRDA:9,1,1,11
BRDA:13,2,0,4
BRDA:13,2,1,7
BRDA:26,3,0,3
BRDA:26,3,1,24
BRDA:30,4,0,15
BRDA:30,4,1,9
BRDA:37,5,0,10
BRDA:38,6,0,3
BRDA:38,6,1,8
BRDA:39,7,0,3
BRDA:39,7,1,5
BRDA:40,8,0,1
BRDA:40,8,1,4
BRDA:40,9,0,5
BRDA:40,9,1,1
BRDA:41,10,0,2
BRDA:41,10,1,2
BRDA:41,11,0,2
BRDA:41,11,1,1
BRDA:42,12,0,1
BRDA:42,12,1,1
BRDA:42,13,0,1
BRDA:42,13,1,1
BRDA:44,14,0,1
BRDA:44,14,1,0
BRDA:46,15,0,0
BRDA:46,15,1,0
BRDA:48,16,0,0
BRDA:48,16,1,0
BRDA:48,17,0,0
BRDA:48,17,1,0
BRDA:48,17,2,0
BRDA:49,18,0,0
BRDA:49,18,1,0
BRDA:50,19,0,0
BRDA:50,19,1,0
BRDA:50,20,0,0
BRDA:50,20,1,0
BRDA:62,21,0,7
BRDA:62,21,1,6
BRDA:62,21,2,6
BRDA:63,22,0,0
BRDA:63,22,1,7
BRDA:63,23,0,7
BRDA:63,23,1,1
BRDA:72,24,0,2
BRDA:72,24,1,5
BRDA:77,25,0,6
BRDA:77,25,1,6
BRDA:77,25,2,6
BRDA:78,26,0,0
BRDA:78,26,1,6
BRDA:78,27,0,6
BRDA:78,27,1,0
BRDA:88,28,0,9
BRDA:88,28,1,1
BRF:59
BRH:42
end_of_record
TN:
SF:src\utils\error-handler.ts
FN:10,(anonymous_0)
FN:126,getErrorType
FN:178,getFriendlyErrorMessage
FN:205,createError
FN:217,isNetworkError
FN:233,isParseError
FN:249,isPermissionError
FN:263,isRetryable
FNF:8
FNH:8
FNDA:3,(anonymous_0)
FNDA:37,getErrorType
FNDA:4,getFriendlyErrorMessage
FNDA:1,createError
FNDA:10,isNetworkError
FNDA:3,isParseError
FNDA:4,isPermissionError
FNDA:5,isRetryable
DA:10,3
DA:12,3
DA:13,3
DA:14,3
DA:15,3
DA:18,3
DA:19,3
DA:20,3
DA:21,3
DA:24,3
DA:25,3
DA:26,3
DA:29,3
DA:30,3
DA:33,3
DA:34,3
DA:37,3
DA:38,3
DA:39,3
DA:42,3
DA:43,3
DA:46,3
DA:52,3
DA:86,3
DA:107,3
DA:126,3
DA:128,37
DA:129,1
DA:133,36
DA:134,7
DA:135,7
DA:139,29
DA:140,21
DA:144,8
DA:146,8
DA:147,1
DA:149,7
DA:150,3
DA:152,4
DA:153,0
DA:155,4
DA:156,0
DA:158,4
DA:159,0
DA:161,4
DA:162,0
DA:164,4
DA:165,0
DA:168,4
DA:178,3
DA:179,4
DA:180,4
DA:183,4
DA:184,1
DA:188,4
DA:189,1
DA:190,1
DA:191,1
DA:195,4
DA:205,3
DA:206,1
DA:207,1
DA:208,1
DA:217,3
DA:218,10
DA:219,10
DA:233,3
DA:234,3
DA:235,3
DA:249,3
DA:250,4
DA:251,4
DA:263,3
DA:264,5
DA:267,5
DA:268,2
DA:272,3
DA:273,1
DA:277,2
LF:79
LH:74
BRDA:10,0,0,3
BRDA:10,0,1,3
BRDA:128,1,0,1
BRDA:128,1,1,36
BRDA:133,2,0,7
BRDA:133,2,1,29
BRDA:135,3,0,7
BRDA:135,3,1,0
BRDA:139,4,0,21
BRDA:139,4,1,8
BRDA:140,5,0,21
BRDA:140,5,1,0
BRDA:144,6,0,8
BRDA:144,6,1,0
BRDA:146,7,0,1
BRDA:146,7,1,7
BRDA:146,8,0,8
BRDA:146,8,1,7
BRDA:149,9,0,3
BRDA:149,9,1,4
BRDA:149,10,0,7
BRDA:149,10,1,4
BRDA:152,11,0,0
BRDA:152,11,1,4
BRDA:152,12,0,4
BRDA:152,12,1,4
BRDA:155,13,0,0
BRDA:155,13,1,4
BRDA:155,14,0,4
BRDA:155,14,1,4
BRDA:158,15,0,0
BRDA:158,15,1,4
BRDA:158,16,0,4
BRDA:158,16,1,4
BRDA:161,17,0,0
BRDA:161,17,1,4
BRDA:161,18,0,4
BRDA:161,18,1,4
BRDA:164,19,0,0
BRDA:164,19,1,4
BRDA:164,20,0,4
BRDA:164,20,1,4
BRDA:183,21,0,1
BRDA:183,21,1,3
BRDA:188,22,0,1
BRDA:188,22,1,3
BRDA:188,23,0,4
BRDA:188,23,1,1
BRDA:190,24,0,1
BRDA:190,24,1,0
BRDA:190,25,0,1
BRDA:190,25,1,1
BRDA:267,26,0,2
BRDA:267,26,1,3
BRDA:272,27,0,1
BRDA:272,27,1,2
BRF:56
BRH:47
end_of_record
TN:
SF:src\utils\fetcher.ts
FN:18,(anonymous_1)
FN:26,(anonymous_2)
FN:34,(anonymous_3)
FN:35,(anonymous_4)
FN:36,(anonymous_5)
FN:51,(anonymous_6)
FN:56,(anonymous_7)
FN:71,(anonymous_8)
FN:72,(anonymous_9)
FN:78,(anonymous_10)
FNF:10
FNH:10
FNDA:40,(anonymous_1)
FNDA:113,(anonymous_2)
FNDA:53,(anonymous_3)
FNDA:53,(anonymous_4)
FNDA:53,(anonymous_5)
FNDA:113,(anonymous_6)
FNDA:7,(anonymous_7)
FNDA:40,(anonymous_8)
FNDA:14,(anonymous_9)
FNDA:14,(anonymous_10)
DA:1,3
DA:2,3
DA:5,3
DA:6,3
DA:9,3
DA:10,40
DA:11,40
DA:19,40
DA:20,40
DA:21,40
DA:22,40
DA:23,40
DA:27,113
DA:28,113
DA:29,113
DA:30,113
DA:35,53
DA:36,53
DA:37,53
DA:38,53
DA:39,50
DA:41,3
DA:43,53
DA:44,53
DA:47,53
DA:52,113
DA:55,113
DA:56,7
DA:57,7
DA:60,106
DA:62,53
DA:63,53
DA:64,53
DA:65,53
DA:66,53
DA:71,3
DA:72,40
DA:76,14
DA:78,14
DA:80,14
DA:81,14
DA:91,14
DA:94,14
DA:95,14
DA:96,0
DA:103,0
DA:107,14
DA:108,14
DA:109,14
DA:110,0
DA:111,0
DA:113,0
DA:114,0
DA:119,14
DA:120,0
DA:121,0
DA:124,14
DA:127,14
DA:128,1
DA:129,1
DA:131,13
DA:134,14
DA:137,14
DA:138,18
DA:139,18
DA:141,6
DA:142,6
DA:144,6
DA:145,6
DA:147,6
DA:148,4
DA:149,4
DA:154,2
DA:157,14
DA:158,1
DA:160,13
LF:76
LH:68
BRDA:18,0,0,19
BRDA:18,1,0,19
BRDA:18,2,0,19
BRDA:55,3,0,7
BRDA:55,3,1,106
BRDA:60,4,0,53
BRDA:60,4,1,53
BRDA:60,5,0,106
BRDA:60,5,1,80
BRDA:63,6,0,53
BRDA:63,6,1,0
BRDA:72,7,0,11
BRDA:76,8,0,14
BRDA:76,8,1,13
BRDA:82,9,0,14
BRDA:82,9,1,0
BRDA:84,10,0,14
BRDA:84,10,1,0
BRDA:87,11,0,0
BRDA:87,11,1,14
BRDA:94,12,0,14
BRDA:94,12,1,0
BRDA:94,13,0,14
BRDA:94,13,1,0
BRDA:94,13,2,0
BRDA:95,14,0,0
BRDA:95,14,1,14
BRDA:101,15,0,0
BRDA:101,15,1,0
BRDA:109,16,0,0
BRDA:109,16,1,14
BRDA:109,17,0,14
BRDA:109,17,1,0
BRDA:119,18,0,0
BRDA:119,18,1,14
BRDA:127,19,0,1
BRDA:127,19,1,13
BRDA:128,20,0,0
BRDA:128,20,1,1
BRDA:144,21,0,6
BRDA:144,21,1,3
BRDA:145,22,0,6
BRDA:145,22,1,0
BRDA:145,22,2,0
BRDA:147,23,0,4
BRDA:147,23,1,2
BRDA:154,24,0,2
BRDA:154,24,1,0
BRDA:157,25,0,1
BRDA:157,25,1,13
BRF:50
BRH:33
end_of_record
TN:
SF:src\utils\logger.ts
FN:6,debug
FN:7,(anonymous_1)
FN:9,(anonymous_2)
FN:20,(anonymous_3)
FNF:4
FNH:4
FNDA:52,debug
FNDA:179,(anonymous_1)
FNDA:83,(anonymous_2)
FNDA:5,(anonymous_3)
DA:1,11
DA:2,11
DA:4,11
DA:6,11
DA:7,179
DA:8,52
DA:9,83
DA:13,12
DA:14,7
DA:15,5
DA:16,2
DA:18,3
DA:20,3
DA:21,5
DA:22,4
DA:23,3
DA:26,0
DA:31,12
DA:32,11
DA:35,12
DA:38,11
LF:21
LH:20
BRDA:6,0,0,0
BRDA:6,1,0,0
BRDA:8,2,0,0
BRDA:8,2,1,52
BRDA:9,3,0,40
BRDA:9,3,1,12
BRDA:13,4,0,7
BRDA:13,4,1,5
BRDA:15,5,0,2
BRDA:15,5,1,3
BRDA:15,6,0,5
BRDA:15,6,1,4
BRDA:21,7,0,1
BRDA:21,7,1,4
BRDA:22,8,0,1
BRDA:22,8,1,3
BRDA:31,9,0,11
BRDA:31,9,1,1
BRF:18
BRH:15
end_of_record
